  PHANSO.cpp
C:\Users\totha\source\repos\PHANSO\PHANSO.h(15,16): error C2143: syntax error: missing ';' before '&'
  (compiling source file 'PHANSO.cpp')
  
C:\Users\totha\source\repos\PHANSO\PHANSO.h(15,9): error C2433: 'istream': 'friend' not permitted on data declarations
  (compiling source file 'PHANSO.cpp')
  
C:\Users\totha\source\repos\PHANSO\PHANSO.h(15,9): error C4430: missing type specifier - int assumed. Note: C++ does not support default-int
  (compiling source file 'PHANSO.cpp')
  
C:\Users\totha\source\repos\PHANSO\PHANSO.h(15,53): error C2238: unexpected token(s) preceding ';'
  (compiling source file 'PHANSO.cpp')
  
C:\Users\totha\source\repos\PHANSO\PHANSO.h(16,16): error C2143: syntax error: missing ';' before '&'
  (compiling source file 'PHANSO.cpp')
  
C:\Users\totha\source\repos\PHANSO\PHANSO.h(16,9): error C2433: 'ostream': 'friend' not permitted on data declarations
  (compiling source file 'PHANSO.cpp')
  
C:\Users\totha\source\repos\PHANSO\PHANSO.h(16,9): error C4430: missing type specifier - int assumed. Note: C++ does not support default-int
  (compiling source file 'PHANSO.cpp')
  
C:\Users\totha\source\repos\PHANSO\PHANSO.h(16,59): error C2238: unexpected token(s) preceding ';'
  (compiling source file 'PHANSO.cpp')
  
  XuLyPHANSO.cpp
C:\Users\totha\source\repos\PHANSO\PHANSO.h(15,16): error C2143: syntax error: missing ';' before '&'
  (compiling source file 'XuLyPHANSO.cpp')
  
C:\Users\totha\source\repos\PHANSO\PHANSO.h(15,9): error C2433: 'istream': 'friend' not permitted on data declarations
  (compiling source file 'XuLyPHANSO.cpp')
  
C:\Users\totha\source\repos\PHANSO\PHANSO.h(15,9): error C4430: missing type specifier - int assumed. Note: C++ does not support default-int
  (compiling source file 'XuLyPHANSO.cpp')
  
C:\Users\totha\source\repos\PHANSO\PHANSO.h(15,53): error C2238: unexpected token(s) preceding ';'
  (compiling source file 'XuLyPHANSO.cpp')
  
C:\Users\totha\source\repos\PHANSO\PHANSO.h(16,16): error C2143: syntax error: missing ';' before '&'
  (compiling source file 'XuLyPHANSO.cpp')
  
C:\Users\totha\source\repos\PHANSO\PHANSO.h(16,9): error C2433: 'ostream': 'friend' not permitted on data declarations
  (compiling source file 'XuLyPHANSO.cpp')
  
C:\Users\totha\source\repos\PHANSO\PHANSO.h(16,9): error C4430: missing type specifier - int assumed. Note: C++ does not support default-int
  (compiling source file 'XuLyPHANSO.cpp')
  
C:\Users\totha\source\repos\PHANSO\PHANSO.h(16,59): error C2238: unexpected token(s) preceding ';'
  (compiling source file 'XuLyPHANSO.cpp')
  
C:\Users\totha\source\repos\PHANSO\XuLyPHANSO.cpp(6,1): error C2872: 'istream': ambiguous symbol
      C:\Users\totha\source\repos\PHANSO\PHANSO.h(15,9):
      could be 'int istream'
      C:\Program Files\Microsoft Visual Studio\2022\Community\VC\Tools\MSVC\14.43.34808\include\iosfwd(230,19):
      or       'std::istream'
  
C:\Users\totha\source\repos\PHANSO\XuLyPHANSO.cpp(6,8): error C2143: syntax error: missing ';' before '&'
C:\Users\totha\source\repos\PHANSO\XuLyPHANSO.cpp(6,1): error C4430: missing type specifier - int assumed. Note: C++ does not support default-int
C:\Users\totha\source\repos\PHANSO\XuLyPHANSO.cpp(6,1): error C2086: 'int istream': redefinition
      C:\Users\totha\source\repos\PHANSO\PHANSO.h(15,9):
      see declaration of 'istream'
  
C:\Users\totha\source\repos\PHANSO\XuLyPHANSO.cpp(6,21): error C2872: 'istream': ambiguous symbol
      C:\Users\totha\source\repos\PHANSO\PHANSO.h(15,9):
      could be 'int istream'
      C:\Program Files\Microsoft Visual Studio\2022\Community\VC\Tools\MSVC\14.43.34808\include\iosfwd(230,19):
      or       'std::istream'
  
C:\Users\totha\source\repos\PHANSO\XuLyPHANSO.cpp(6,10): error C2473: 'operator >>': looks like a function definition, but there is no parameter list.
C:\Users\totha\source\repos\PHANSO\XuLyPHANSO.cpp(6,10): error C4430: missing type specifier - int assumed. Note: C++ does not support default-int
C:\Users\totha\source\repos\PHANSO\XuLyPHANSO.cpp(6,30): error C2065: 'is': undeclared identifier
C:\Users\totha\source\repos\PHANSO\XuLyPHANSO.cpp(6,42): error C2065: 'ps': undeclared identifier
C:\Users\totha\source\repos\PHANSO\XuLyPHANSO.cpp(6,34): error C2275: 'PHANSO': expected an expression instead of a type
C:\Users\totha\source\repos\PHANSO\XuLyPHANSO.cpp(6,20): error C2440: 'initializing': cannot convert from 'initializer list' to 'int &'
      C:\Users\totha\source\repos\PHANSO\XuLyPHANSO.cpp(6,20):
      A reference type cannot be value-initialized
  
C:\Users\totha\source\repos\PHANSO\XuLyPHANSO.cpp(7,1): error C2059: syntax error: '{'
C:\Users\totha\source\repos\PHANSO\XuLyPHANSO.cpp(7,1): error C2143: syntax error: missing ';' before '{'
C:\Users\totha\source\repos\PHANSO\XuLyPHANSO.cpp(7,1): error C2447: '{': missing function header (old-style formal list?)
C:\Users\totha\source\repos\PHANSO\XuLyPHANSO.cpp(12,1): error C2872: 'ostream': ambiguous symbol
      C:\Users\totha\source\repos\PHANSO\PHANSO.h(16,9):
      could be 'int ostream'
      C:\Program Files\Microsoft Visual Studio\2022\Community\VC\Tools\MSVC\14.43.34808\include\iosfwd(231,19):
      or       'std::ostream'
  
C:\Users\totha\source\repos\PHANSO\XuLyPHANSO.cpp(12,8): error C2143: syntax error: missing ';' before '&'
C:\Users\totha\source\repos\PHANSO\XuLyPHANSO.cpp(12,1): error C4430: missing type specifier - int assumed. Note: C++ does not support default-int
C:\Users\totha\source\repos\PHANSO\XuLyPHANSO.cpp(12,1): error C2086: 'int ostream': redefinition
      C:\Users\totha\source\repos\PHANSO\PHANSO.h(16,9):
      see declaration of 'ostream'
  
C:\Users\totha\source\repos\PHANSO\XuLyPHANSO.cpp(12,21): error C2872: 'ostream': ambiguous symbol
      C:\Users\totha\source\repos\PHANSO\PHANSO.h(16,9):
      could be 'int ostream'
      C:\Program Files\Microsoft Visual Studio\2022\Community\VC\Tools\MSVC\14.43.34808\include\iosfwd(231,19):
      or       'std::ostream'
  
C:\Users\totha\source\repos\PHANSO\XuLyPHANSO.cpp(12,10): error C2473: 'operator <<': looks like a function definition, but there is no parameter list.
C:\Users\totha\source\repos\PHANSO\XuLyPHANSO.cpp(12,10): error C4430: missing type specifier - int assumed. Note: C++ does not support default-int
C:\Users\totha\source\repos\PHANSO\XuLyPHANSO.cpp(12,30): error C2065: 'os': undeclared identifier
C:\Users\totha\source\repos\PHANSO\XuLyPHANSO.cpp(12,34): error C2059: syntax error: 'const'
C:\Users\totha\source\repos\PHANSO\XuLyPHANSO.cpp(13,1): error C2143: syntax error: missing ';' before '{'
C:\Users\totha\source\repos\PHANSO\XuLyPHANSO.cpp(13,1): error C2447: '{': missing function header (old-style formal list?)
C:\Users\totha\source\repos\PHANSO\XuLyPHANSO.cpp(19,5): error C2872: '<<': ambiguous symbol
      C:\Users\totha\source\repos\PHANSO\XuLyPHANSO.cpp(12,10):
      could be 'int &<<'
      C:\Users\totha\source\repos\PHANSO\XuLyPHANSO.cpp(19,5):
      or       '<<'
  
C:\Users\totha\source\repos\PHANSO\XuLyPHANSO.cpp(19,31): error C2872: '>>': ambiguous symbol
      C:\Users\totha\source\repos\PHANSO\XuLyPHANSO.cpp(6,10):
      could be 'int &>>'
      C:\Users\totha\source\repos\PHANSO\XuLyPHANSO.cpp(19,31):
      or       '>>'
  
  Generating Code...
C:\Users\totha\source\repos\PHANSO\XuLyPHANSO.cpp(19,31): error C2679: binary '>>': no operator found which takes a right-hand operand of type 'PHANSO' (or there is no acceptable conversion)
      C:\Program Files\Microsoft Visual Studio\2022\Community\VC\Tools\MSVC\14.43.34808\include\istream(313,39):
      could be 'std::basic_istream<char,std::char_traits<char>> &std::basic_istream<char,std::char_traits<char>>::operator >>(std::basic_streambuf<char,std::char_traits<char>> *)'
          C:\Users\totha\source\repos\PHANSO\XuLyPHANSO.cpp(19,31):
          'std::basic_istream<char,std::char_traits<char>> &std::basic_istream<char,std::char_traits<char>>::operator >>(std::basic_streambuf<char,std::char_traits<char>> *)': cannot convert argument 2 from 'PHANSO' to 'std::basic_streambuf<char,std::char_traits<char>> *'
              C:\Users\totha\source\repos\PHANSO\XuLyPHANSO.cpp(19,38):
              No user-defined-conversion operator available that can perform this conversion, or the operator cannot be called
      C:\Program Files\Microsoft Visual Studio\2022\Community\VC\Tools\MSVC\14.43.34808\include\istream(309,39):
      or       'std::basic_istream<char,std::char_traits<char>> &std::basic_istream<char,std::char_traits<char>>::operator >>(void *&)'
          C:\Users\totha\source\repos\PHANSO\XuLyPHANSO.cpp(19,31):
          'std::basic_istream<char,std::char_traits<char>> &std::basic_istream<char,std::char_traits<char>>::operator >>(void *&)': cannot convert argument 2 from 'PHANSO' to 'void *&'
      C:\Program Files\Microsoft Visual Studio\2022\Community\VC\Tools\MSVC\14.43.34808\include\istream(305,39):
      or       'std::basic_istream<char,std::char_traits<char>> &std::basic_istream<char,std::char_traits<char>>::operator >>(long double &)'
          C:\Users\totha\source\repos\PHANSO\XuLyPHANSO.cpp(19,31):
          'std::basic_istream<char,std::char_traits<char>> &std::basic_istream<char,std::char_traits<char>>::operator >>(long double &)': cannot convert argument 2 from 'PHANSO' to 'long double &'
      C:\Program Files\Microsoft Visual Studio\2022\Community\VC\Tools\MSVC\14.43.34808\include\istream(301,39):
      or       'std::basic_istream<char,std::char_traits<char>> &std::basic_istream<char,std::char_traits<char>>::operator >>(double &)'
          C:\Users\totha\source\repos\PHANSO\XuLyPHANSO.cpp(19,31):
          'std::basic_istream<char,std::char_traits<char>> &std::basic_istream<char,std::char_traits<char>>::operator >>(double &)': cannot convert argument 2 from 'PHANSO' to 'double &'
      C:\Program Files\Microsoft Visual Studio\2022\Community\VC\Tools\MSVC\14.43.34808\include\istream(297,39):
      or       'std::basic_istream<char,std::char_traits<char>> &std::basic_istream<char,std::char_traits<char>>::operator >>(float &)'
          C:\Users\totha\source\repos\PHANSO\XuLyPHANSO.cpp(19,31):
          'std::basic_istream<char,std::char_traits<char>> &std::basic_istream<char,std::char_traits<char>>::operator >>(float &)': cannot convert argument 2 from 'PHANSO' to 'float &'
      C:\Program Files\Microsoft Visual Studio\2022\Community\VC\Tools\MSVC\14.43.34808\include\istream(293,39):
      or       'std::basic_istream<char,std::char_traits<char>> &std::basic_istream<char,std::char_traits<char>>::operator >>(unsigned __int64 &)'
          C:\Users\totha\source\repos\PHANSO\XuLyPHANSO.cpp(19,31):
          'std::basic_istream<char,std::char_traits<char>> &std::basic_istream<char,std::char_traits<char>>::operator >>(unsigned __int64 &)': cannot convert argument 2 from 'PHANSO' to 'unsigned __int64 &'
      C:\Program Files\Microsoft Visual Studio\2022\Community\VC\Tools\MSVC\14.43.34808\include\istream(289,39):
      or       'std::basic_istream<char,std::char_traits<char>> &std::basic_istream<char,std::char_traits<char>>::operator >>(__int64 &)'
          C:\Users\totha\source\repos\PHANSO\XuLyPHANSO.cpp(19,31):
          'std::basic_istream<char,std::char_traits<char>> &std::basic_istream<char,std::char_traits<char>>::operator >>(__int64 &)': cannot convert argument 2 from 'PHANSO' to '__int64 &'
      C:\Program Files\Microsoft Visual Studio\2022\Community\VC\Tools\MSVC\14.43.34808\include\istream(285,39):
      or       'std::basic_istream<char,std::char_traits<char>> &std::basic_istream<char,std::char_traits<char>>::operator >>(unsigned long &)'
          C:\Users\totha\source\repos\PHANSO\XuLyPHANSO.cpp(19,31):
          'std::basic_istream<char,std::char_traits<char>> &std::basic_istream<char,std::char_traits<char>>::operator >>(unsigned long &)': cannot convert argument 2 from 'PHANSO' to 'unsigned long &'
      C:\Program Files\Microsoft Visual Studio\2022\Community\VC\Tools\MSVC\14.43.34808\include\istream(281,39):
      or       'std::basic_istream<char,std::char_traits<char>> &std::basic_istream<char,std::char_traits<char>>::operator >>(long &)'
          C:\Users\totha\source\repos\PHANSO\XuLyPHANSO.cpp(19,31):
          'std::basic_istream<char,std::char_traits<char>> &std::basic_istream<char,std::char_traits<char>>::operator >>(long &)': cannot convert argument 2 from 'PHANSO' to 'long &'
      C:\Program Files\Microsoft Visual Studio\2022\Community\VC\Tools\MSVC\14.43.34808\include\istream(277,39):
      or       'std::basic_istream<char,std::char_traits<char>> &std::basic_istream<char,std::char_traits<char>>::operator >>(unsigned int &)'
          C:\Users\totha\source\repos\PHANSO\XuLyPHANSO.cpp(19,31):
          'std::basic_istream<char,std::char_traits<char>> &std::basic_istream<char,std::char_traits<char>>::operator >>(unsigned int &)': cannot convert argument 2 from 'PHANSO' to 'unsigned int &'
      C:\Program Files\Microsoft Visual Studio\2022\Community\VC\Tools\MSVC\14.43.34808\include\istream(269,39):
      or       'std::basic_istream<char,std::char_traits<char>> &std::basic_istream<char,std::char_traits<char>>::operator >>(int &)'
          C:\Users\totha\source\repos\PHANSO\XuLyPHANSO.cpp(19,31):
          'std::basic_istream<char,std::char_traits<char>> &std::basic_istream<char,std::char_traits<char>>::operator >>(int &)': cannot convert argument 2 from 'PHANSO' to 'int &'
      C:\Program Files\Microsoft Visual Studio\2022\Community\VC\Tools\MSVC\14.43.34808\include\istream(265,39):
      or       'std::basic_istream<char,std::char_traits<char>> &std::basic_istream<char,std::char_traits<char>>::operator >>(unsigned short &)'
          C:\Users\totha\source\repos\PHANSO\XuLyPHANSO.cpp(19,31):
          'std::basic_istream<char,std::char_traits<char>> &std::basic_istream<char,std::char_traits<char>>::operator >>(unsigned short &)': cannot convert argument 2 from 'PHANSO' to 'unsigned short &'
      C:\Program Files\Microsoft Visual Studio\2022\Community\VC\Tools\MSVC\14.43.34808\include\istream(233,39):
      or       'std::basic_istream<char,std::char_traits<char>> &std::basic_istream<char,std::char_traits<char>>::operator >>(short &)'
          C:\Users\totha\source\repos\PHANSO\XuLyPHANSO.cpp(19,31):
          'std::basic_istream<char,std::char_traits<char>> &std::basic_istream<char,std::char_traits<char>>::operator >>(short &)': cannot convert argument 2 from 'PHANSO' to 'short &'
      C:\Program Files\Microsoft Visual Studio\2022\Community\VC\Tools\MSVC\14.43.34808\include\istream(229,39):
      or       'std::basic_istream<char,std::char_traits<char>> &std::basic_istream<char,std::char_traits<char>>::operator >>(bool &)'
          C:\Users\totha\source\repos\PHANSO\XuLyPHANSO.cpp(19,31):
          'std::basic_istream<char,std::char_traits<char>> &std::basic_istream<char,std::char_traits<char>>::operator >>(bool &)': cannot convert argument 2 from 'PHANSO' to 'bool &'
      C:\Program Files\Microsoft Visual Studio\2022\Community\VC\Tools\MSVC\14.43.34808\include\istream(200,39):
      or       'std::basic_istream<char,std::char_traits<char>> &std::basic_istream<char,std::char_traits<char>>::operator >>(std::ios_base &(__cdecl *)(std::ios_base &))'
          C:\Users\totha\source\repos\PHANSO\XuLyPHANSO.cpp(19,31):
          'std::basic_istream<char,std::char_traits<char>> &std::basic_istream<char,std::char_traits<char>>::operator >>(std::ios_base &(__cdecl *)(std::ios_base &))': cannot convert argument 2 from 'PHANSO' to 'std::ios_base &(__cdecl *)(std::ios_base &)'
              C:\Users\totha\source\repos\PHANSO\XuLyPHANSO.cpp(19,38):
              No user-defined-conversion operator available that can perform this conversion, or the operator cannot be called
      C:\Program Files\Microsoft Visual Studio\2022\Community\VC\Tools\MSVC\14.43.34808\include\istream(195,39):
      or       'std::basic_istream<char,std::char_traits<char>> &std::basic_istream<char,std::char_traits<char>>::operator >>(std::basic_ios<char,std::char_traits<char>> &(__cdecl *)(std::basic_ios<char,std::char_traits<char>> &))'
          C:\Users\totha\source\repos\PHANSO\XuLyPHANSO.cpp(19,31):
          'std::basic_istream<char,std::char_traits<char>> &std::basic_istream<char,std::char_traits<char>>::operator >>(std::basic_ios<char,std::char_traits<char>> &(__cdecl *)(std::basic_ios<char,std::char_traits<char>> &))': cannot convert argument 2 from 'PHANSO' to 'std::basic_ios<char,std::char_traits<char>> &(__cdecl *)(std::basic_ios<char,std::char_traits<char>> &)'
              C:\Users\totha\source\repos\PHANSO\XuLyPHANSO.cpp(19,38):
              No user-defined-conversion operator available that can perform this conversion, or the operator cannot be called
      C:\Program Files\Microsoft Visual Studio\2022\Community\VC\Tools\MSVC\14.43.34808\include\istream(190,39):
      or       'std::basic_istream<char,std::char_traits<char>> &std::basic_istream<char,std::char_traits<char>>::operator >>(std::basic_istream<char,std::char_traits<char>> &(__cdecl *)(std::basic_istream<char,std::char_traits<char>> &))'
          C:\Users\totha\source\repos\PHANSO\XuLyPHANSO.cpp(19,31):
          'std::basic_istream<char,std::char_traits<char>> &std::basic_istream<char,std::char_traits<char>>::operator >>(std::basic_istream<char,std::char_traits<char>> &(__cdecl *)(std::basic_istream<char,std::char_traits<char>> &))': cannot convert argument 2 from 'PHANSO' to 'std::basic_istream<char,std::char_traits<char>> &(__cdecl *)(std::basic_istream<char,std::char_traits<char>> &)'
              C:\Users\totha\source\repos\PHANSO\XuLyPHANSO.cpp(19,38):
              No user-defined-conversion operator available that can perform this conversion, or the operator cannot be called
      C:\Users\totha\source\repos\PHANSO\XuLyPHANSO.cpp(19,31):
      while trying to match the argument list '(std::istream, PHANSO)'
  
